Oct 09, 2013 8:58:22 PM ut.distcomp.framework.ListenServer <init>
INFO: Server 6: Server connection established
Oct 09, 2013 8:58:22 PM ut.distcomp.framework.Participant log
INFO: Process 6 initialized
Oct 09, 2013 8:58:22 PM ut.distcomp.framework.Participant log
INFO: Started Normal mode
Oct 09, 2013 8:58:23 PM ut.distcomp.framework.NetController getReceivedMsgs
INFO: Received VOTE_REQ##add##a##a.song from 1
Oct 09, 2013 8:58:23 PM ut.distcomp.framework.Participant log
INFO: Received VOTE_REQ
Oct 09, 2013 8:58:23 PM ut.distcomp.framework.NetController initOutgoingConn
INFO: Server 6: Socket to 1 established
Oct 09, 2013 8:58:23 PM ut.distcomp.framework.NetController sendMsg
INFO: Sent message NO to 1
Oct 09, 2013 8:58:23 PM ut.distcomp.framework.Participant log
INFO: ABORT
Oct 09, 2013 8:58:23 PM ut.distcomp.framework.Participant log
INFO: bufferedMessages =[]
Oct 09, 2013 8:58:23 PM ut.distcomp.framework.Participant log
INFO: Could not complete action add a a.song
Oct 09, 2013 8:58:27 PM ut.distcomp.framework.Participant log
INFO: Reached end of sendFinalDecision
